[LOG] start to merge target:  C:\Users\toufik\AppData\Local\Temp\tmp6pm4lq9v\test.profraw
[ERROR] build_folder cannot be empty
[ERROR] Build folder not found: C:/nonexistent/folder
[ERROR] Failed to read JSON file /nonexistent/file.json: [Errno 2] No such file or directory: '/nonexistent/file.json'
[ERROR] Failed to read JSON file /nonexistent/file.json: [Errno 2] No such file or directory: '/nonexistent/file.json'
[ERROR] No library directories found in C:\Users\toufik\AppData\Local\Temp\tmpts21sqd_
[LOG] start to merge target:  C:\Users\toufik\AppData\Local\Temp\tmpnvv2vnsx\test.profraw
[ERROR] build_folder cannot be empty
[ERROR] Build folder not found: C:/nonexistent/folder
[ERROR] Failed to read JSON file /nonexistent/file.json: [Errno 2] No such file or directory: '/nonexistent/file.json'
[ERROR] Failed to read JSON file /nonexistent/file.json: [Errno 2] No such file or directory: '/nonexistent/file.json'
[ERROR] No library directories found in C:\Users\toufik\AppData\Local\Temp\tmpwxgeiam5
[LOG] start to merge target:  C:\Users\toufik\AppData\Local\Temp\tmp4p6uc9js\test.profraw
[ERROR] build_folder cannot be empty
[ERROR] Build folder not found: C:/nonexistent/folder
[ERROR] Failed to read JSON file /nonexistent/file.json: [Errno 2] No such file or directory: '/nonexistent/file.json'
[ERROR] Failed to read JSON file /nonexistent/file.json: [Errno 2] No such file or directory: '/nonexistent/file.json'
[ERROR] No library directories found in C:\Users\toufik\AppData\Local\Temp\tmpsiwrsz31
[LOG] start to merge target:  C:\Users\toufik\AppData\Local\Temp\tmp3d3p82su\test.profraw
[LOG] start to export:  C:\Users\toufik\AppData\Local\Temp\tmpbz6f9hab\test.merged
[LOG] start to export:  C:\Users\toufik\AppData\Local\Temp\tmpz71ok669\test.merged
[ERROR] C:\Users\toufik\AppData\Local\Temp\tmpnh_wj4bn\test.merged doesn't have corresponding binary!
[LOG] start to export:  C:\Users\toufik\AppData\Local\Temp\tmpaqppsn_2\test.merged
[ERROR] Failed to export coverage data: Command 'llvm-cov' returned non-zero exit status 1.
[ERROR] Failed to execute Python test /nonexistent/test.py: 
[LOG] start to export:  C:\Users\toufik\AppData\Local\Temp\tmp9wu3ymvj\test.merged
[ERROR] C:\Users\toufik\AppData\Local\Temp\tmpnvabqbw4\test.merged doesn't have corresponding binary!
[LOG] start to export:  C:\Users\toufik\AppData\Local\Temp\tmpq4q1oy1x\test.merged
[ERROR] Failed to export coverage data: Command 'llvm-cov' returned non-zero exit status 1.
[LOG] start to export:  C:\Users\toufik\AppData\Local\Temp\tmpcj27q5sg\test.merged
[ERROR] Failed to write JSON file /invalid/path/test.json: [Errno 2] No such file or directory: '/invalid/path/test.json'
[ERROR] Binary failed to run: C:\Users\toufik\AppData\Local\Temp\tmpt0z84sje\test.py
[ERROR] Failed to execute Python test /nonexistent/test.py: 
[ERROR] build_folder cannot be empty
[ERROR] Build folder not found: C:/nonexistent/folder
[LOG] start run:  test
[LOG] start run:  test
[ERROR] C:\Users\toufik\AppData\Local\Temp\tmpghvccbbt\test.merged doesn't have corresponding binary!
[ERROR] Binary failed to run: /nonexistent/test.py
[ERROR] Failed to read JSON file /nonexistent/file.json: [Errno 2] No such file or directory: '/nonexistent/file.json'
[ERROR] Failed to read JSON file /nonexistent/file.json: [Errno 2] No such file or directory: '/nonexistent/file.json'
[ERROR] No library directories found in C:\Users\toufik\AppData\Local\Temp\tmpm50i_d48
[ERROR] No library directories found in C:\Users\toufik\AppData\Local\Temp\tmpqxl0rdr8
[LOG] start to merge target:  C:\Users\toufik\AppData\Local\Temp\tmpas8b5t6l\test.profraw
[LOG] start to export:  C:\Users\toufik\AppData\Local\Temp\tmpaa6mp7nb\test.merged
[LOG] start to export:  C:\Users\toufik\AppData\Local\Temp\tmphc95a9cq\test.merged
[ERROR] C:\Users\toufik\AppData\Local\Temp\tmp4c3raazr\test.merged doesn't have corresponding binary!
[LOG] start to export:  C:\Users\toufik\AppData\Local\Temp\tmpvj2cjfw4\test.merged
[ERROR] Failed to export coverage data: Command 'llvm-cov' returned non-zero exit status 1.
[ERROR] Failed to execute Python test /nonexistent/test.py: 
[LOG] start to export:  C:\Users\toufik\AppData\Local\Temp\tmp_a72524k\test.merged
[ERROR] C:\Users\toufik\AppData\Local\Temp\tmpl083i8_k\test.merged doesn't have corresponding binary!
[LOG] start to export:  C:\Users\toufik\AppData\Local\Temp\tmpfq5scdw0\test.merged
[ERROR] Failed to export coverage data: Command 'llvm-cov' returned non-zero exit status 1.
[LOG] start to export:  C:\Users\toufik\AppData\Local\Temp\tmp7yjpctmn\test.merged
[ERROR] Failed to write JSON file /invalid/path/test.json: [Errno 2] No such file or directory: '/invalid/path/test.json'
[ERROR] Binary failed to run: C:\Users\toufik\AppData\Local\Temp\tmppstw7m76\test.py
[ERROR] Failed to execute Python test /nonexistent/test.py: 
[ERROR] build_folder cannot be empty
[ERROR] Build folder not found: C:/nonexistent/folder
[LOG] start run:  test
[LOG] start run:  test
[ERROR] C:\Users\toufik\AppData\Local\Temp\tmpilswdivy\test.merged doesn't have corresponding binary!
[ERROR] Binary failed to run: /nonexistent/test.py
[ERROR] Failed to read JSON file /nonexistent/file.json: [Errno 2] No such file or directory: '/nonexistent/file.json'
[ERROR] Failed to read JSON file /nonexistent/file.json: [Errno 2] No such file or directory: '/nonexistent/file.json'
[ERROR] No library directories found in C:\Users\toufik\AppData\Local\Temp\tmpju5xue_3
[LOG] start to merge target:  C:\Users\toufik\AppData\Local\Temp\tmpczu_n6nk\test.profraw
[LOG] start to export:  C:\Users\toufik\AppData\Local\Temp\tmpua8xujas\test.merged
[LOG] start to export:  C:\Users\toufik\AppData\Local\Temp\tmpnuus17bl\test.merged
[ERROR] C:\Users\toufik\AppData\Local\Temp\tmps09t4y63\test.merged doesn't have corresponding binary!
[LOG] start to export:  C:\Users\toufik\AppData\Local\Temp\tmpz3cyawuq\test.merged
[ERROR] Failed to export coverage data: Command 'llvm-cov' returned non-zero exit status 1.
[ERROR] Failed to execute Python test /nonexistent/test.py: 
[LOG] start to export:  C:\Users\toufik\AppData\Local\Temp\tmpbihlv973\test.merged
[ERROR] C:\Users\toufik\AppData\Local\Temp\tmp6g7c_1wz\test.merged doesn't have corresponding binary!
[LOG] start to export:  C:\Users\toufik\AppData\Local\Temp\tmpdmxz_5ud\test.merged
[ERROR] Failed to export coverage data: Command 'llvm-cov' returned non-zero exit status 1.
[LOG] start to export:  C:\Users\toufik\AppData\Local\Temp\tmp80yjh0hr\test.merged
[ERROR] Failed to write JSON file /invalid/path/test.json: [Errno 2] No such file or directory: '/invalid/path/test.json'
[ERROR] Binary failed to run: C:\Users\toufik\AppData\Local\Temp\tmphsv1w39s\test.py
[ERROR] Failed to execute Python test /nonexistent/test.py: 
[ERROR] build_folder cannot be empty
[ERROR] Build folder not found: C:/nonexistent/folder
[LOG] start run:  C:\Users\toufik\AppData\Local\Temp\tmpe_5qvcwn\test_binary
[LOG] start run:  C:\Users\toufik\AppData\Local\Temp\tmpp43r8vq8\test.py
[ERROR] Python test failed: C:\Users\toufik\AppData\Local\Temp\tmpp43r8vq8\test.py
[ERROR] C:\Users\toufik\AppData\Local\Temp\tmpshws12nu\test.merged doesn't have corresponding binary!
[ERROR] Binary failed to run: /nonexistent/test.py
[ERROR] Failed to read JSON file /nonexistent/file.json: [Errno 2] No such file or directory: '/nonexistent/file.json'
[ERROR] Failed to read JSON file C:\Users\toufik\AppData\Local\Temp\tmpbrff7a72\no_permission.json: Permission denied
[ERROR] Failed to read JSON file /nonexistent/file.json: [Errno 2] No such file or directory: '/nonexistent/file.json'
[ERROR] No library directories found in C:\Users\toufik\AppData\Local\Temp\tmp0uw2qjk4
[LOG] start to merge target:  C:\Users\toufik\AppData\Local\Temp\tmpwnas3mk6\test.profraw
[LOG] start to export:  C:\Users\toufik\AppData\Local\Temp\tmp4_feqe7v\test.merged
[LOG] start to export:  C:\Users\toufik\AppData\Local\Temp\tmp0tj5wnkb\test.merged
[ERROR] C:\Users\toufik\AppData\Local\Temp\tmp2nfh9nlc\test.merged doesn't have corresponding binary!
[LOG] start to export:  C:\Users\toufik\AppData\Local\Temp\tmp78hq4apm\test.merged
[ERROR] Failed to export coverage data: Command 'llvm-cov' returned non-zero exit status 1.
[ERROR] Failed to execute Python test /nonexistent/test.py: 
[LOG] start to export:  C:\Users\toufik\AppData\Local\Temp\tmpx9tidn_p\test.merged
[ERROR] C:\Users\toufik\AppData\Local\Temp\tmp5pl89kyg\test.merged doesn't have corresponding binary!
[LOG] start to export:  C:\Users\toufik\AppData\Local\Temp\tmppxnorh54\test.merged
[ERROR] Failed to export coverage data: Command 'llvm-cov' returned non-zero exit status 1.
[LOG] start to export:  C:\Users\toufik\AppData\Local\Temp\tmpxkpo4hev\test.merged
[ERROR] Failed to write JSON file /invalid/path/test.json: [Errno 2] No such file or directory: '/invalid/path/test.json'
[ERROR] Binary failed to run: C:\Users\toufik\AppData\Local\Temp\tmpnvsi04ld\test.py
[ERROR] Failed to execute Python test /nonexistent/test.py: 
[ERROR] build_folder cannot be empty
[ERROR] Build folder not found: C:/nonexistent/folder
[LOG] start run:  C:\Users\toufik\AppData\Local\Temp\tmp_u4jjob5\test_binary
[LOG] start run:  C:\Users\toufik\AppData\Local\Temp\tmp74p4ra3y\test.py
[ERROR] Python test failed: C:\Users\toufik\AppData\Local\Temp\tmp74p4ra3y\test.py
[LOG] start run python_test test:  C:\Users\toufik\AppData\Local\Temp\tmp0utmmpqu\test.py
[ERROR] Failed to execute Python test C:\Users\toufik\AppData\Local\Temp\tmp0utmmpqu\test.py: [WinError 267] The directory name is invalid
[ERROR] Python test failed: C:\Users\toufik\AppData\Local\Temp\tmp0utmmpqu\test.py
 time:  0:00:00
[ERROR] C:\Users\toufik\AppData\Local\Temp\tmpgn40ggz5\test.merged doesn't have corresponding binary!
[ERROR] Binary failed to run: /nonexistent/test.py
[ERROR] Failed to read JSON file /nonexistent/file.json: [Errno 2] No such file or directory: '/nonexistent/file.json'
[ERROR] Failed to read JSON file C:\Users\toufik\AppData\Local\Temp\tmpg62rlr4a\no_permission.json: Permission denied
[ERROR] Failed to read JSON file /nonexistent/file.json: [Errno 2] No such file or directory: '/nonexistent/file.json'
[ERROR] No library directories found in C:\Users\toufik\AppData\Local\Temp\tmpt3xxe_lq
[LOG] start to merge target:  C:\Users\toufik\AppData\Local\Temp\tmp1he76it2\test.profraw
[LOG] start to export:  C:\Users\toufik\AppData\Local\Temp\tmpv5fvrpgv\test.merged
[LOG] start to export:  C:\Users\toufik\AppData\Local\Temp\tmpxetlzxt3\test.merged
[ERROR] C:\Users\toufik\AppData\Local\Temp\tmp88ytnisf\test.merged doesn't have corresponding binary!
[LOG] start to export:  C:\Users\toufik\AppData\Local\Temp\tmp7y3yenbl\test.merged
[ERROR] Failed to export coverage data: Command 'llvm-cov' returned non-zero exit status 1.
[ERROR] Failed to execute Python test /nonexistent/test.py: 
[LOG] start to export:  C:\Users\toufik\AppData\Local\Temp\tmppkfx1y03\test.merged
[ERROR] C:\Users\toufik\AppData\Local\Temp\tmpfwfsacw2\test.merged doesn't have corresponding binary!
[LOG] start to export:  C:\Users\toufik\AppData\Local\Temp\tmpu96bbyi3\test.merged
[ERROR] Failed to export coverage data: Command 'llvm-cov' returned non-zero exit status 1.
[LOG] start to export:  C:\Users\toufik\AppData\Local\Temp\tmpupvqlx2p\test.merged
[ERROR] Failed to write JSON file /invalid/path/test.json: [Errno 2] No such file or directory: '/invalid/path/test.json'
[ERROR] Binary failed to run: C:\Users\toufik\AppData\Local\Temp\tmpbzql4jpc\test.py
[ERROR] Failed to execute Python test /nonexistent/test.py: 
[ERROR] build_folder cannot be empty
[ERROR] Build folder not found: C:/nonexistent/folder
[LOG] start run:  C:\Users\toufik\AppData\Local\Temp\tmpbn7qccrc\test_binary
[LOG] start run:  C:\Users\toufik\AppData\Local\Temp\tmp89pf20bt\test.py
[ERROR] Python test failed: C:\Users\toufik\AppData\Local\Temp\tmp89pf20bt\test.py
[LOG] start run python_test test:  C:\Users\toufik\AppData\Local\Temp\tmppz8do2i4\test.py
[ERROR] Failed to execute Python test C:\Users\toufik\AppData\Local\Temp\tmppz8do2i4\test.py: [WinError 267] The directory name is invalid
[ERROR] Python test failed: C:\Users\toufik\AppData\Local\Temp\tmppz8do2i4\test.py
 time:  0:00:00
[ERROR] C:\Users\toufik\AppData\Local\Temp\tmpztvowtsd\test.merged doesn't have corresponding binary!
[ERROR] Binary failed to run: /nonexistent/test.py
[ERROR] Failed to read JSON file /nonexistent/file.json: [Errno 2] No such file or directory: '/nonexistent/file.json'
[ERROR] Failed to read JSON file C:\Users\toufik\AppData\Local\Temp\tmp1jykhqmz\no_permission.json: Permission denied
[ERROR] Failed to read JSON file /nonexistent/file.json: [Errno 2] No such file or directory: '/nonexistent/file.json'
[ERROR] No library directories found in C:\Users\toufik\AppData\Local\Temp\tmphnua9tu4
[LOG] start to merge target:  C:\Users\toufik\AppData\Local\Temp\tmpi9acycx7\test.profraw
[LOG] start to export:  C:\Users\toufik\AppData\Local\Temp\tmpszkl3ih1\test.merged
[LOG] start to export:  C:\Users\toufik\AppData\Local\Temp\tmpdwpj876l\test.merged
[ERROR] C:\Users\toufik\AppData\Local\Temp\tmpezeiw91a\test.merged doesn't have corresponding binary!
[LOG] start to export:  C:\Users\toufik\AppData\Local\Temp\tmpgorlonl0\test.merged
[ERROR] Failed to export coverage data: Command 'llvm-cov' returned non-zero exit status 1.
[ERROR] Failed to execute Python test /nonexistent/test.py: 
[LOG] start to export:  C:\Users\toufik\AppData\Local\Temp\tmplt88agic\test.merged
[ERROR] C:\Users\toufik\AppData\Local\Temp\tmpo89y_49_\test.merged doesn't have corresponding binary!
[LOG] start to export:  C:\Users\toufik\AppData\Local\Temp\tmp4pkdov2y\test.merged
[ERROR] Failed to export coverage data: Command 'llvm-cov' returned non-zero exit status 1.
[LOG] start to export:  C:\Users\toufik\AppData\Local\Temp\tmpvs_u69ag\test.merged
[ERROR] Failed to write JSON file /invalid/path/test.json: [Errno 2] No such file or directory: '/invalid/path/test.json'
[ERROR] Binary failed to run: C:\Users\toufik\AppData\Local\Temp\tmpo14e6vo8\test.py
[ERROR] Failed to execute Python test /nonexistent/test.py: 
[ERROR] build_folder cannot be empty
[ERROR] Build folder not found: C:/nonexistent/folder
[LOG] start run:  C:\Users\toufik\AppData\Local\Temp\tmp95xdh__h\test_binary
[LOG] start run:  C:\Users\toufik\AppData\Local\Temp\tmpmmhg8zva\test.py
[ERROR] Python test failed: C:\Users\toufik\AppData\Local\Temp\tmpmmhg8zva\test.py
[LOG] start run python_test test:  C:\Users\toufik\AppData\Local\Temp\tmpeikxnhh9\test.py
[ERROR] Failed to execute Python test C:\Users\toufik\AppData\Local\Temp\tmpeikxnhh9\test.py: [WinError 267] The directory name is invalid
[ERROR] Python test failed: C:\Users\toufik\AppData\Local\Temp\tmpeikxnhh9\test.py
 time:  0:00:00
[ERROR] C:\Users\toufik\AppData\Local\Temp\tmppzh9_wr_\test.merged doesn't have corresponding binary!
[ERROR] Binary failed to run: /nonexistent/test.py
[ERROR] Failed to read JSON file /nonexistent/file.json: [Errno 2] No such file or directory: '/nonexistent/file.json'
[ERROR] Failed to read JSON file C:\Users\toufik\AppData\Local\Temp\tmp90ow2p9a\no_permission.json: Permission denied
[ERROR] Failed to read JSON file /nonexistent/file.json: [Errno 2] No such file or directory: '/nonexistent/file.json'
[ERROR] No library directories found in C:\Users\toufik\AppData\Local\Temp\tmpicbdtpcz
[LOG] start to merge target:  C:\Users\toufik\AppData\Local\Temp\tmp6ze8ym08\test.profraw
[LOG] start to export:  C:\Users\toufik\AppData\Local\Temp\tmpzk_ey2x9\test.merged
[LOG] start to export:  C:\Users\toufik\AppData\Local\Temp\tmpo_c_r6eb\test.merged
[ERROR] C:\Users\toufik\AppData\Local\Temp\tmp_p7hznl4\test.merged doesn't have corresponding binary!
[LOG] start to export:  C:\Users\toufik\AppData\Local\Temp\tmptzvp6n5p\test.merged
[ERROR] Failed to export coverage data: Command 'llvm-cov' returned non-zero exit status 1.
[ERROR] Failed to execute Python test /nonexistent/test.py: 
[LOG] start to export:  C:\Users\toufik\AppData\Local\Temp\tmps3g9e1qj\test.merged
[ERROR] C:\Users\toufik\AppData\Local\Temp\tmps4qgxl1_\test.merged doesn't have corresponding binary!
[LOG] start to export:  C:\Users\toufik\AppData\Local\Temp\tmp3eacpjsn\test.merged
[ERROR] Failed to export coverage data: Command 'llvm-cov' returned non-zero exit status 1.
[LOG] start to export:  C:\Users\toufik\AppData\Local\Temp\tmp5kmu71xh\test.merged
[ERROR] Failed to write JSON file /invalid/path/test.json: [Errno 2] No such file or directory: '/invalid/path/test.json'
[ERROR] Binary failed to run: C:\Users\toufik\AppData\Local\Temp\tmpf14d0b79\test.py
[ERROR] Failed to execute Python test /nonexistent/test.py: 
[ERROR] build_folder cannot be empty
[ERROR] Build folder not found: C:/nonexistent/folder
[LOG] start run:  C:\Users\toufik\AppData\Local\Temp\tmpcw7vx0xs\test_binary
[LOG] start run:  C:\Users\toufik\AppData\Local\Temp\tmpoqdmyccq\test.py
[ERROR] Python test failed: C:\Users\toufik\AppData\Local\Temp\tmpoqdmyccq\test.py
[LOG] start run python_test test:  C:\Users\toufik\AppData\Local\Temp\tmp1t639yd1\test.py
[ERROR] Failed to execute Python test C:\Users\toufik\AppData\Local\Temp\tmp1t639yd1\test.py: [WinError 267] The directory name is invalid
[ERROR] Python test failed: C:\Users\toufik\AppData\Local\Temp\tmp1t639yd1\test.py
 time:  0:00:00
[ERROR] C:\Users\toufik\AppData\Local\Temp\tmp1bae3wc8\test.merged doesn't have corresponding binary!
[ERROR] Binary failed to run: /nonexistent/test.py
[ERROR] Failed to read JSON file /nonexistent/file.json: [Errno 2] No such file or directory: '/nonexistent/file.json'
[ERROR] Failed to read JSON file C:\Users\toufik\AppData\Local\Temp\tmpv5nllvkw\no_permission.json: Permission denied
[ERROR] Failed to read JSON file /nonexistent/file.json: [Errno 2] No such file or directory: '/nonexistent/file.json'
